[2024-05-28 10:36:47] root: INFO: Starting Flye 2.9.4-b1799
[2024-05-28 10:36:47] root: DEBUG: Cmd: /opt/miniconda/bin/flye --nano-raw fastq/SRR25182350.fastq --out-dir /home/assembly/out/flye/flye_SRR25182350
[2024-05-28 10:36:47] root: DEBUG: Python version: 3.10.14 | packaged by conda-forge | (main, Mar 20 2024, 12:45:18) [GCC 12.3.0]
[2024-05-28 10:36:47] root: INFO: >>>STAGE: configure
[2024-05-28 10:36:47] root: INFO: Configuring run
[2024-05-28 10:36:47] root: INFO: Total read length: 2088482
[2024-05-28 10:36:47] root: INFO: Reads N50/N90: 1503 / 1053
[2024-05-28 10:36:47] root: INFO: Minimum overlap set to 1000
[2024-05-28 10:36:47] root: INFO: >>>STAGE: assembly
[2024-05-28 10:36:47] root: INFO: Assembling disjointigs
[2024-05-28 10:36:47] root: DEBUG: -----Begin assembly log------
[2024-05-28 10:36:47] root: DEBUG: Running: flye-modules assemble --reads /home/assembly/fastq/SRR25182350.fastq --out-asm /home/assembly/out/flye/flye_SRR25182350/00-assembly/draft_assembly.fasta --config /opt/miniconda/lib/python3.10/site-packages/flye/config/bin_cfg/asm_raw_reads.cfg --log /home/assembly/out/flye/flye_SRR25182350/flye.log --threads 1 --min-ovlp 1000
[2024-05-28 10:36:47] DEBUG: Build date: May 24 2024 14:59:20
[2024-05-28 10:36:47] DEBUG: Total RAM: 15 Gb
[2024-05-28 10:36:47] DEBUG: Available RAM: 9 Gb
[2024-05-28 10:36:47] DEBUG: Total CPUs: 8
[2024-05-28 10:36:47] DEBUG: Loading /opt/miniconda/lib/python3.10/site-packages/flye/config/bin_cfg/asm_raw_reads.cfg
[2024-05-28 10:36:47] DEBUG: Loading /opt/miniconda/lib/python3.10/site-packages/flye/config/bin_cfg/asm_defaults.cfg
[2024-05-28 10:36:47] DEBUG: 	big_genome_threshold=29000000
[2024-05-28 10:36:47] DEBUG: 	meta_read_filter_kmer_freq=100
[2024-05-28 10:36:47] DEBUG: 	chain_large_gap_penalty=2
[2024-05-28 10:36:47] DEBUG: 	chain_small_gap_penalty=0.5
[2024-05-28 10:36:47] DEBUG: 	chain_gap_jump_threshold=100
[2024-05-28 10:36:47] DEBUG: 	max_jump_gap=500
[2024-05-28 10:36:47] DEBUG: 	max_coverage_drop_rate=5
[2024-05-28 10:36:47] DEBUG: 	max_extensions_drop_rate=5
[2024-05-28 10:36:47] DEBUG: 	chimera_window=100
[2024-05-28 10:36:47] DEBUG: 	chimera_overhang=1000
[2024-05-28 10:36:47] DEBUG: 	min_reads_in_disjointig=4
[2024-05-28 10:36:47] DEBUG: 	max_inner_reads=10
[2024-05-28 10:36:47] DEBUG: 	max_inner_fraction=0.25
[2024-05-28 10:36:47] DEBUG: 	aggressive_dup_filter=1
[2024-05-28 10:36:47] DEBUG: 	max_separation=500
[2024-05-28 10:36:47] DEBUG: 	unique_edge_length=50000
[2024-05-28 10:36:47] DEBUG: 	min_repeat_res_support=0.51
[2024-05-28 10:36:47] DEBUG: 	out_paths_ratio=5
[2024-05-28 10:36:47] DEBUG: 	graph_cov_drop_rate=5
[2024-05-28 10:36:47] DEBUG: 	coverage_estimate_window=100
[2024-05-28 10:36:47] DEBUG: 	max_bubble_length=50000
[2024-05-28 10:36:47] DEBUG: 	loop_coverage_rate=1.5
[2024-05-28 10:36:47] DEBUG: 	repeat_edge_cov_mult=1.75
[2024-05-28 10:36:47] DEBUG: 	weak_detach_rate=5
[2024-05-28 10:36:47] DEBUG: 	tip_coverage_rate=2
[2024-05-28 10:36:47] DEBUG: 	tip_length_rate=2
[2024-05-28 10:36:47] DEBUG: 	output_gfa_before_rr=1
[2024-05-28 10:36:47] DEBUG: 	remove_alt_edges=0
[2024-05-28 10:36:47] DEBUG: 	low_cutoff_warning=1
[2024-05-28 10:36:47] DEBUG: 	kmer_size=17
[2024-05-28 10:36:47] DEBUG: 	use_minimizers=0
[2024-05-28 10:36:47] DEBUG: 	reads_base_alignment=0
[2024-05-28 10:36:47] DEBUG: 	meta_read_top_kmer_rate=0.40
[2024-05-28 10:36:47] DEBUG: 	maximum_jump=1500
[2024-05-28 10:36:47] DEBUG: 	maximum_overhang=1500
[2024-05-28 10:36:47] DEBUG: 	repeat_kmer_rate=100
[2024-05-28 10:36:47] DEBUG: 	assemble_ovlp_divergence=0.10
[2024-05-28 10:36:47] DEBUG: 	assemble_divergence_relative=1
[2024-05-28 10:36:47] DEBUG: 	repeat_graph_ovlp_divergence=0.08
[2024-05-28 10:36:47] DEBUG: 	read_align_ovlp_divergence=0.25
[2024-05-28 10:36:47] DEBUG: 	hpc_scoring_on=0
[2024-05-28 10:36:47] DEBUG: 	add_unassembled_reads=0
[2024-05-28 10:36:47] DEBUG: 	extend_contigs_with_repeats=0
[2024-05-28 10:36:47] DEBUG: 	min_read_cov_cutoff=3
[2024-05-28 10:36:47] DEBUG: 	short_tip_length=20000
[2024-05-28 10:36:47] DEBUG: 	long_tip_length=100000
[2024-05-28 10:36:47] DEBUG: Running with k-mer size: 17
[2024-05-28 10:36:47] DEBUG: Running with minimum overlap 1000
[2024-05-28 10:36:47] DEBUG: Metagenome mode: N
[2024-05-28 10:36:47] DEBUG: Short mode: N
[2024-05-28 10:36:47] INFO: Reading sequences
[2024-05-28 10:36:47] DEBUG: Building positional index
[2024-05-28 10:36:47] DEBUG: Total sequence: 2086482 bp
[2024-05-28 10:36:50] INFO: Counting k-mers:
[2024-05-28 10:36:51] DEBUG: Updating k-mer histogram
[2024-05-28 10:37:33] DEBUG: Hash size: 14101
[2024-05-28 10:37:33] DEBUG: Total k-mers 1144212
[2024-05-28 10:37:33] INFO: Filling index table (1/2)
[2024-05-28 10:37:34] DEBUG: Mean k-mer frequency: 12.9834
[2024-05-28 10:37:34] DEBUG: Repetitive k-mer frequency: 1298
[2024-05-28 10:37:34] DEBUG: Filtered 1328 repetitive k-mers (0.00182315)
[2024-05-28 10:37:34] INFO: Filling index table (2/2)
[2024-05-28 10:37:35] DEBUG: Sorting k-mer index
[2024-05-28 10:37:35] DEBUG: Selected k-mers: 96070
[2024-05-28 10:37:35] DEBUG: Index size: 767051
[2024-05-28 10:37:35] DEBUG: Mean k-mer index frequency: 7.98429
[2024-05-28 10:37:35] DEBUG: Peak RAM usage: 8 Gb
[2024-05-28 10:37:35] DEBUG: Estimating k-mer identity bias
[2024-05-28 10:37:38] DEBUG: Initial divergence estimate : 0.122143
[2024-05-28 10:37:38] DEBUG: Relative threshold: Y
[2024-05-28 10:37:38] DEBUG: Max divergence threshold set to 0.222143
[2024-05-28 10:37:38] INFO: Extending reads
[2024-05-28 10:37:38] DEBUG: Estimating overlap coverage
[2024-05-28 10:37:42] INFO: Overlap-based coverage: 32
[2024-05-28 10:37:42] INFO: Median overlap divergence: 0.12436
[2024-05-28 10:37:42] DEBUG: Sequence divergence distribution: 

    |                      *                     |                                                       
    |                      *  *                  |                                                       
    |                      *  *                  |                                                       
    |                     **  *                  |                                                       
    |                  ****** *                  |                                                       
    |                  ****** *                  |                                                       
    |                  ****** *                  |                                                       
    |                  ********  *               |                                                       
    |                  ********  *               |                                                       
    |                  ********  *               |                                                       
    |                  ********  *               |                                                       
    |                  ********* *               |                                                       
    |                 *************              |                                                       
    |                ************** *  *         |                                                       
    |                ****************  *         |                                                       
    |               *****************  *         |                                                       
    |               *********************  * *   |                                                       
    |               ********************* ****   |       *     *         *                               
    |               ************************** *** *     * *  **   **  * *      **                       
    |             ************************************** ******** **********  * **                       
    ----------------------------------------------------------------------------------------------------
    0%        5%        10%       15%       20%       25%       30%       35%       40%       45%       

    Q25 = 0.1, Q50 = 0.12, Q75 = 0.16

[2024-05-28 10:37:42] DEBUG: Assembled disjointig 1
	With 3 reads
	Start read: +SRR25182350.356
	At position: 1
	leftTip: 1 rightTip: 1
	Suspicious: 1
	Short ext: 0
	Mean extensions: 2
	Avg overlap len: 1728
	Min overlap len: 1519
	Inner reads: 0
	Length: 6169
[2024-05-28 10:37:42] DEBUG: Inner: 656 covered: 692 total: 2696
[2024-05-28 10:37:42] DEBUG: Assembled disjointig 2
	With 3 reads
	Start read: +SRR25182350.913
	At position: 1
	leftTip: 1 rightTip: 1
	Suspicious: 0
	Short ext: 0
	Mean extensions: 3
	Avg overlap len: 2102
	Min overlap len: 1849
	Inner reads: 0
	Length: 5719
[2024-05-28 10:37:42] DEBUG: Inner: 1074 covered: 1108 total: 2696
[2024-05-28 10:37:44] INFO: Assembled 2 disjointigs
[2024-05-28 10:37:44] INFO: Generating sequence
[2024-05-28 10:37:44] DEBUG: Building positional index
[2024-05-28 10:37:44] DEBUG: Total sequence: 11931 bp
[2024-05-28 10:37:45] DEBUG: Mean k-mer frequency: 1.00118
[2024-05-28 10:37:45] DEBUG: Repetitive k-mer frequency: 100
[2024-05-28 10:37:45] DEBUG: Filtered 0 repetitive k-mers (0)
[2024-05-28 10:37:45] DEBUG: Sorting k-mer index
[2024-05-28 10:37:45] DEBUG: Selected k-mers: 11882
[2024-05-28 10:37:45] DEBUG: K-mer index size: 11897
[2024-05-28 10:37:45] DEBUG: Mean k-mer frequency: 1.00126
[2024-05-28 10:37:45] DEBUG: Minimizer rate: 1.00286
[2024-05-28 10:37:45] INFO: Filtering contained disjointigs
[2024-05-28 10:37:45] DEBUG: Computing transitive closure for overlaps
[2024-05-28 10:37:45] DEBUG: Found 0 overlaps
[2024-05-28 10:37:45] DEBUG: Left 0 overlaps after filtering
[2024-05-28 10:37:45] INFO: Contained seqs: 0
[2024-05-28 10:37:45] DEBUG: Writing FASTA
[2024-05-28 10:37:45] DEBUG: Peak RAM usage: 8 Gb
-----------End assembly log------------
[2024-05-28 10:37:45] root: DEBUG: Disjointigs length: 11931, N50: 6213
[2024-05-28 10:37:45] root: INFO: >>>STAGE: consensus
[2024-05-28 10:37:45] root: INFO: Running Minimap2
[2024-05-28 10:37:46] root: INFO: Computing consensus
[2024-05-28 10:37:47] root: INFO: Alignment error rate: 0.169281
[2024-05-28 10:37:47] root: INFO: >>>STAGE: repeat
[2024-05-28 10:37:47] root: INFO: Building and resolving repeat graph
[2024-05-28 10:37:47] root: DEBUG: -----Begin repeat analyser log------
[2024-05-28 10:37:47] root: DEBUG: Running: flye-modules repeat --disjointigs /home/assembly/out/flye/flye_SRR25182350/10-consensus/consensus.fasta --reads /home/assembly/fastq/SRR25182350.fastq --out-dir /home/assembly/out/flye/flye_SRR25182350/20-repeat --config /opt/miniconda/lib/python3.10/site-packages/flye/config/bin_cfg/asm_raw_reads.cfg --log /home/assembly/out/flye/flye_SRR25182350/flye.log --threads 1 --min-ovlp 1000
[2024-05-28 10:37:47] DEBUG: Build date: May 24 2024 14:59:44
[2024-05-28 10:37:47] DEBUG: Total RAM: 15 Gb
[2024-05-28 10:37:47] DEBUG: Available RAM: 10 Gb
[2024-05-28 10:37:47] DEBUG: Total CPUs: 8
[2024-05-28 10:37:47] DEBUG: Loading /opt/miniconda/lib/python3.10/site-packages/flye/config/bin_cfg/asm_raw_reads.cfg
[2024-05-28 10:37:47] DEBUG: Loading /opt/miniconda/lib/python3.10/site-packages/flye/config/bin_cfg/asm_defaults.cfg
[2024-05-28 10:37:47] DEBUG: 	big_genome_threshold=29000000
[2024-05-28 10:37:47] DEBUG: 	meta_read_filter_kmer_freq=100
[2024-05-28 10:37:47] DEBUG: 	chain_large_gap_penalty=2
[2024-05-28 10:37:47] DEBUG: 	chain_small_gap_penalty=0.5
[2024-05-28 10:37:47] DEBUG: 	chain_gap_jump_threshold=100
[2024-05-28 10:37:47] DEBUG: 	max_jump_gap=500
[2024-05-28 10:37:47] DEBUG: 	max_coverage_drop_rate=5
[2024-05-28 10:37:47] DEBUG: 	max_extensions_drop_rate=5
[2024-05-28 10:37:47] DEBUG: 	chimera_window=100
[2024-05-28 10:37:47] DEBUG: 	chimera_overhang=1000
[2024-05-28 10:37:47] DEBUG: 	min_reads_in_disjointig=4
[2024-05-28 10:37:47] DEBUG: 	max_inner_reads=10
[2024-05-28 10:37:47] DEBUG: 	max_inner_fraction=0.25
[2024-05-28 10:37:47] DEBUG: 	aggressive_dup_filter=1
[2024-05-28 10:37:47] DEBUG: 	max_separation=500
[2024-05-28 10:37:47] DEBUG: 	unique_edge_length=50000
[2024-05-28 10:37:47] DEBUG: 	min_repeat_res_support=0.51
[2024-05-28 10:37:47] DEBUG: 	out_paths_ratio=5
[2024-05-28 10:37:47] DEBUG: 	graph_cov_drop_rate=5
[2024-05-28 10:37:47] DEBUG: 	coverage_estimate_window=100
[2024-05-28 10:37:47] DEBUG: 	max_bubble_length=50000
[2024-05-28 10:37:47] DEBUG: 	loop_coverage_rate=1.5
[2024-05-28 10:37:47] DEBUG: 	repeat_edge_cov_mult=1.75
[2024-05-28 10:37:47] DEBUG: 	weak_detach_rate=5
[2024-05-28 10:37:47] DEBUG: 	tip_coverage_rate=2
[2024-05-28 10:37:47] DEBUG: 	tip_length_rate=2
[2024-05-28 10:37:47] DEBUG: 	output_gfa_before_rr=1
[2024-05-28 10:37:47] DEBUG: 	remove_alt_edges=0
[2024-05-28 10:37:47] DEBUG: 	low_cutoff_warning=1
[2024-05-28 10:37:47] DEBUG: 	kmer_size=17
[2024-05-28 10:37:47] DEBUG: 	use_minimizers=0
[2024-05-28 10:37:47] DEBUG: 	reads_base_alignment=0
[2024-05-28 10:37:47] DEBUG: 	meta_read_top_kmer_rate=0.40
[2024-05-28 10:37:47] DEBUG: 	maximum_jump=1500
[2024-05-28 10:37:47] DEBUG: 	maximum_overhang=1500
[2024-05-28 10:37:47] DEBUG: 	repeat_kmer_rate=100
[2024-05-28 10:37:47] DEBUG: 	assemble_ovlp_divergence=0.10
[2024-05-28 10:37:47] DEBUG: 	assemble_divergence_relative=1
[2024-05-28 10:37:47] DEBUG: 	repeat_graph_ovlp_divergence=0.08
[2024-05-28 10:37:47] DEBUG: 	read_align_ovlp_divergence=0.25
[2024-05-28 10:37:47] DEBUG: 	hpc_scoring_on=0
[2024-05-28 10:37:47] DEBUG: 	add_unassembled_reads=0
[2024-05-28 10:37:47] DEBUG: 	extend_contigs_with_repeats=0
[2024-05-28 10:37:47] DEBUG: 	min_read_cov_cutoff=3
[2024-05-28 10:37:47] DEBUG: 	short_tip_length=20000
[2024-05-28 10:37:47] DEBUG: 	long_tip_length=100000
[2024-05-28 10:37:47] DEBUG: Running with k-mer size: 17
[2024-05-28 10:37:47] DEBUG: Selected minimum overlap 1000
[2024-05-28 10:37:47] DEBUG: Metagenome mode: N
[2024-05-28 10:37:47] INFO: Parsing disjointigs
[2024-05-28 10:37:47] DEBUG: Building positional index
[2024-05-28 10:37:47] DEBUG: Total sequence: 11954 bp
[2024-05-28 10:37:47] INFO: Building repeat graph
[2024-05-28 10:37:47] DEBUG: Mean k-mer frequency: 1.01941
[2024-05-28 10:37:47] DEBUG: Repetitive k-mer frequency: 101
[2024-05-28 10:37:47] DEBUG: Filtered 0 repetitive k-mers (0)
[2024-05-28 10:37:47] DEBUG: Sorting k-mer index
[2024-05-28 10:37:47] DEBUG: Selected k-mers: 11692
[2024-05-28 10:37:47] DEBUG: K-mer index size: 11920
[2024-05-28 10:37:47] DEBUG: Mean k-mer frequency: 1.0195
[2024-05-28 10:37:47] DEBUG: Minimizer rate: 1.00285
[2024-05-28 10:37:47] DEBUG: Computing transitive closure for overlaps
[2024-05-28 10:37:47] DEBUG: Found 0 overlaps
[2024-05-28 10:37:47] DEBUG: Left 0 overlaps after filtering
[2024-05-28 10:37:47] INFO: Median overlap divergence: 0.172863
[2024-05-28 10:37:47] DEBUG: Sequence divergence distribution: 

    |                |               * *                                                                 
    |                |               * *                                                                 
    |                |               * *                                                                 
    |                |               * *                                                                 
    |                |               * *                                                                 
    |                |               * *                                                                 
    |                |               * *                                                                 
    |                |               * *                                                                 
    |                |               * *                                                                 
    |                |               * *                                                                 
    |                |               * *                                                                 
    |                |               * *                                                                 
    |                |               * *                                                                 
    |                |               * *                                                                 
    |                |               * *                                                                 
    |                |               * *                                                                 
    |                |               * *                                                                 
    |                |               * *                                                                 
    |                |               * *                                                                 
    |                |               * *                                                                 
    ----------------------------------------------------------------------------------------------------
    0%        5%        10%       15%       20%       25%       30%       35%       40%       45%       

    Q25 = 0.16, Q50 = 0.17, Q75 = 0.17

[2024-05-28 10:37:47] DEBUG: Computing gluepoints
[2024-05-28 10:37:47] DEBUG: Added 0 gluepoint projections
[2024-05-28 10:37:47] DEBUG: Created 8 gluepoints
[2024-05-28 10:37:47] DEBUG: Artificial loops removed: 0 left, 0 right, 0 both
[2024-05-28 10:37:47] DEBUG: Initializing edges
[2024-05-28 10:37:47] DEBUG: Edges length checksum: 71560352
[2024-05-28 10:37:47] DEBUG: Filtered 0 singleton segments
[2024-05-28 10:37:47] DEBUG: Removed 0 simple and 0 double chimeric junctions
[2024-05-28 10:37:47] DEBUG: Collapsed 0 edges
[2024-05-28 10:37:47] DEBUG: *	1	+disjointig_1	0	6236	6236	
[2024-05-28 10:37:47] DEBUG: *	2	+disjointig_2	0	5716	5716	
[2024-05-28 10:37:47] DEBUG: Total edges: 2
[2024-05-28 10:37:47] INFO: Parsing reads
[2024-05-28 10:37:47] DEBUG: Building positional index
[2024-05-28 10:37:47] DEBUG: Total sequence: 2088482 bp
[2024-05-28 10:37:47] DEBUG: Building positional index
[2024-05-28 10:37:47] DEBUG: Total sequence: 11952 bp
[2024-05-28 10:37:47] INFO: Aligning reads to the graph
[2024-05-28 10:37:47] DEBUG: Mean k-mer frequency: 1.01942
[2024-05-28 10:37:47] DEBUG: Repetitive k-mer frequency: 101
[2024-05-28 10:37:47] DEBUG: Filtered 0 repetitive k-mers (0)
[2024-05-28 10:37:47] DEBUG: Sorting k-mer index
[2024-05-28 10:37:47] DEBUG: Selected k-mers: 11690
[2024-05-28 10:37:47] DEBUG: K-mer index size: 11918
[2024-05-28 10:37:47] DEBUG: Mean k-mer frequency: 1.0195
[2024-05-28 10:37:47] DEBUG: Minimizer rate: 1.00285
[2024-05-28 10:37:47] DEBUG: Total reads : 1348
[2024-05-28 10:37:47] DEBUG: Read with aligned parts : 614
[2024-05-28 10:37:47] DEBUG: Aligned in one piece : 610
[2024-05-28 10:37:47] INFO: Aligned read sequence: 934667 / 2086482 (0.447963)
[2024-05-28 10:37:47] INFO: Median overlap divergence: 0.0595205
[2024-05-28 10:37:47] DEBUG: Sequence divergence distribution: 

    |          *                                       |                                                 
    |          **                                      |                                                 
    |          **                                      |                                                 
    |        * **                                      |                                                 
    |        * ***                                     |                                                 
    |        *****                                     |                                                 
    |        *****                                     |                                                 
    |        ******                                    |                                                 
    |        ******                                    |                                                 
    |        ******                                    |                                                 
    |        ********                                  |                                                 
    |        ********                                  |                                                 
    |        ********                                  |                                                 
    |       ***********                                |                                                 
    |       ************                               |                                                 
    |       ************                               |                                                 
    |      *************                               |                                                 
    |      **************                              |                                                 
    |      *******************                         |                                                 
    |    *************************   *   *   * *       |    *                                            
    ----------------------------------------------------------------------------------------------------
    0%        5%        10%       15%       20%       25%       30%       35%       40%       45%       

    Q25 = 0.05, Q50 = 0.06, Q75 = 0.076

[2024-05-28 10:37:47] INFO: Mean edge coverage: 73
[2024-05-28 10:37:47] DEBUG: 1	len:6236	cov:89	mult:1.21918
[2024-05-28 10:37:47] DEBUG: -1	len:6236	cov:89	mult:1.21918
[2024-05-28 10:37:47] DEBUG: 2	len:5716	cov:61	mult:0.835616
[2024-05-28 10:37:47] DEBUG: -2	len:5716	cov:61	mult:0.835616
[2024-05-28 10:37:47] DEBUG: Unique coverage threshold 155
[2024-05-28 10:37:47] INFO: Simplifying the graph
[2024-05-28 10:37:47] DEBUG: Read coverage cutoff: 15
[2024-05-28 10:37:47] DEBUG: [SIMPL] Removed 0 paths with low coverage
[2024-05-28 10:37:47] DEBUG: [SIMPL] Masked 0 heterozygous loops
[2024-05-28 10:37:47] DEBUG: [SIMPL] Masked 0 simple bubbles
[2024-05-28 10:37:47] DEBUG: Finding repeats
[2024-05-28 10:37:47] DEBUG: Read coverage cutoff: 15
[2024-05-28 10:37:47] DEBUG: Repeat detection iteration 1
[2024-05-28 10:37:47] DEBUG: Writing Dot
[2024-05-28 10:37:47] DEBUG: Writing FASTA
[2024-05-28 10:37:47] DEBUG: Writing Gfa
[2024-05-28 10:37:47] DEBUG: [SIMPL] == Iteration 1 ==
[2024-05-28 10:37:47] DEBUG: Splitting nodes
[2024-05-28 10:37:47] DEBUG: [SIMPL] Split 0 nodes
[2024-05-28 10:37:47] DEBUG: [SIMPL] Clipped 0 short and 0 long tips
[2024-05-28 10:37:47] DEBUG: [SIMPL] Masked 0 heterozygous loops
[2024-05-28 10:37:47] DEBUG: [SIMPL] Masked 0 simple bubbles
[2024-05-28 10:37:47] DEBUG: Finding repeats
[2024-05-28 10:37:47] DEBUG: Read coverage cutoff: 15
[2024-05-28 10:37:47] DEBUG: Repeat detection iteration 1
[2024-05-28 10:37:47] DEBUG: Total unique edges: 2
[2024-05-28 10:37:47] DEBUG: [SIMPL] Resolved repeats: 0
[2024-05-28 10:37:47] DEBUG: RR links: 0
[2024-05-28 10:37:47] DEBUG: Unresolved: 0
[2024-05-28 10:37:47] DEBUG: Removed 0 simple and 0 double chimeric junctions
[2024-05-28 10:37:47] DEBUG: [SIMPL] Collapsed 0 haplotypes
[2024-05-28 10:37:47] DEBUG: [SIMPL] Resolved 0 simple repeats
[2024-05-28 10:37:47] DEBUG: Read coverage cutoff: 15
[2024-05-28 10:37:47] DEBUG: [SIMPL] Removed 0 paths with low coverage
[2024-05-28 10:37:47] DEBUG: Finding repeats
[2024-05-28 10:37:47] DEBUG: Read coverage cutoff: 15
[2024-05-28 10:37:47] DEBUG: Repeat detection iteration 1
[2024-05-28 10:37:47] DEBUG: Writing Dot
[2024-05-28 10:37:47] DEBUG: Writing FASTA
[2024-05-28 10:37:47] DEBUG: Peak RAM usage: 0 Gb
-----------End assembly log------------
[2024-05-28 10:37:47] root: INFO: >>>STAGE: contigger
[2024-05-28 10:37:47] root: INFO: Generating contigs
[2024-05-28 10:37:47] root: DEBUG: -----Begin contigger analyser log------
[2024-05-28 10:37:47] root: DEBUG: Running: flye-modules contigger --graph-edges /home/assembly/out/flye/flye_SRR25182350/20-repeat/repeat_graph_edges.fasta --reads /home/assembly/fastq/SRR25182350.fastq --out-dir /home/assembly/out/flye/flye_SRR25182350/30-contigger --config /opt/miniconda/lib/python3.10/site-packages/flye/config/bin_cfg/asm_raw_reads.cfg --repeat-graph /home/assembly/out/flye/flye_SRR25182350/20-repeat/repeat_graph_dump --graph-aln /home/assembly/out/flye/flye_SRR25182350/20-repeat/read_alignment_dump --log /home/assembly/out/flye/flye_SRR25182350/flye.log --threads 1 --min-ovlp 1000
[2024-05-28 10:37:47] DEBUG: Build date: May 24 2024 15:00:10
[2024-05-28 10:37:47] DEBUG: Total RAM: 15 Gb
[2024-05-28 10:37:47] DEBUG: Available RAM: 10 Gb
[2024-05-28 10:37:47] DEBUG: Total CPUs: 8
[2024-05-28 10:37:47] DEBUG: Loading /opt/miniconda/lib/python3.10/site-packages/flye/config/bin_cfg/asm_raw_reads.cfg
[2024-05-28 10:37:47] DEBUG: Loading /opt/miniconda/lib/python3.10/site-packages/flye/config/bin_cfg/asm_defaults.cfg
[2024-05-28 10:37:47] DEBUG: 	big_genome_threshold=29000000
[2024-05-28 10:37:47] DEBUG: 	meta_read_filter_kmer_freq=100
[2024-05-28 10:37:47] DEBUG: 	chain_large_gap_penalty=2
[2024-05-28 10:37:47] DEBUG: 	chain_small_gap_penalty=0.5
[2024-05-28 10:37:47] DEBUG: 	chain_gap_jump_threshold=100
[2024-05-28 10:37:47] DEBUG: 	max_jump_gap=500
[2024-05-28 10:37:47] DEBUG: 	max_coverage_drop_rate=5
[2024-05-28 10:37:47] DEBUG: 	max_extensions_drop_rate=5
[2024-05-28 10:37:47] DEBUG: 	chimera_window=100
[2024-05-28 10:37:47] DEBUG: 	chimera_overhang=1000
[2024-05-28 10:37:47] DEBUG: 	min_reads_in_disjointig=4
[2024-05-28 10:37:47] DEBUG: 	max_inner_reads=10
[2024-05-28 10:37:47] DEBUG: 	max_inner_fraction=0.25
[2024-05-28 10:37:47] DEBUG: 	aggressive_dup_filter=1
[2024-05-28 10:37:47] DEBUG: 	max_separation=500
[2024-05-28 10:37:47] DEBUG: 	unique_edge_length=50000
[2024-05-28 10:37:47] DEBUG: 	min_repeat_res_support=0.51
[2024-05-28 10:37:47] DEBUG: 	out_paths_ratio=5
[2024-05-28 10:37:47] DEBUG: 	graph_cov_drop_rate=5
[2024-05-28 10:37:47] DEBUG: 	coverage_estimate_window=100
[2024-05-28 10:37:47] DEBUG: 	max_bubble_length=50000
[2024-05-28 10:37:47] DEBUG: 	loop_coverage_rate=1.5
[2024-05-28 10:37:47] DEBUG: 	repeat_edge_cov_mult=1.75
[2024-05-28 10:37:47] DEBUG: 	weak_detach_rate=5
[2024-05-28 10:37:47] DEBUG: 	tip_coverage_rate=2
[2024-05-28 10:37:47] DEBUG: 	tip_length_rate=2
[2024-05-28 10:37:47] DEBUG: 	output_gfa_before_rr=1
[2024-05-28 10:37:47] DEBUG: 	remove_alt_edges=0
[2024-05-28 10:37:47] DEBUG: 	low_cutoff_warning=1
[2024-05-28 10:37:47] DEBUG: 	kmer_size=17
[2024-05-28 10:37:47] DEBUG: 	use_minimizers=0
[2024-05-28 10:37:47] DEBUG: 	reads_base_alignment=0
[2024-05-28 10:37:47] DEBUG: 	meta_read_top_kmer_rate=0.40
[2024-05-28 10:37:47] DEBUG: 	maximum_jump=1500
[2024-05-28 10:37:47] DEBUG: 	maximum_overhang=1500
[2024-05-28 10:37:47] DEBUG: 	repeat_kmer_rate=100
[2024-05-28 10:37:47] DEBUG: 	assemble_ovlp_divergence=0.10
[2024-05-28 10:37:47] DEBUG: 	assemble_divergence_relative=1
[2024-05-28 10:37:47] DEBUG: 	repeat_graph_ovlp_divergence=0.08
[2024-05-28 10:37:47] DEBUG: 	read_align_ovlp_divergence=0.25
[2024-05-28 10:37:47] DEBUG: 	hpc_scoring_on=0
[2024-05-28 10:37:47] DEBUG: 	add_unassembled_reads=0
[2024-05-28 10:37:47] DEBUG: 	extend_contigs_with_repeats=0
[2024-05-28 10:37:47] DEBUG: 	min_read_cov_cutoff=3
[2024-05-28 10:37:47] DEBUG: 	short_tip_length=20000
[2024-05-28 10:37:47] DEBUG: 	long_tip_length=100000
[2024-05-28 10:37:47] DEBUG: Running with k-mer size: 17
[2024-05-28 10:37:47] DEBUG: Selected minimum overlap 1000
[2024-05-28 10:37:47] INFO: Reading sequences
[2024-05-28 10:37:47] DEBUG: Building positional index
[2024-05-28 10:37:47] DEBUG: Total sequence: 2088482 bp
[2024-05-28 10:37:47] DEBUG: Flipped 0
[2024-05-28 10:37:47] DEBUG: UPath 1: 1
[2024-05-28 10:37:47] DEBUG: UPath 2: 2
[2024-05-28 10:37:47] DEBUG: Final graph contains 2 egdes
[2024-05-28 10:37:47] DEBUG: Extending contigs into repeats
[2024-05-28 10:37:47] DEBUG: Covered 0 repetitive contigs
[2024-05-28 10:37:47] INFO: Generated 2 contigs
[2024-05-28 10:37:47] DEBUG: Writing FASTA
[2024-05-28 10:37:47] DEBUG: Generating scaffold connections
[2024-05-28 10:37:47] INFO: Added 0 scaffold connections
[2024-05-28 10:37:47] DEBUG: Writing Dot
[2024-05-28 10:37:47] DEBUG: Writing FASTA
[2024-05-28 10:37:47] DEBUG: Writing Gfa
[2024-05-28 10:37:47] DEBUG: Peak RAM usage: 0 Gb
-----------End assembly log------------
[2024-05-28 10:37:47] root: INFO: >>>STAGE: polishing
[2024-05-28 10:37:47] root: INFO: Polishing genome (1/1)
[2024-05-28 10:37:47] root: INFO: Running minimap2
[2024-05-28 10:37:48] root: INFO: Separating alignment into bubbles
[2024-05-28 10:37:49] root: DEBUG: Generated 686 bubbles
[2024-05-28 10:37:49] root: DEBUG: Split 0 long bubbles
[2024-05-28 10:37:49] root: DEBUG: Skipped 0 empty bubbles
[2024-05-28 10:37:49] root: DEBUG: Skipped 0 bubbles with long branches
[2024-05-28 10:37:49] root: INFO: Alignment error rate: 0.109561
[2024-05-28 10:37:49] root: INFO: Correcting bubbles
[2024-05-28 10:37:50] root: DEBUG: Mean contig coverage: 122, selected threshold: 24
[2024-05-28 10:37:50] root: DEBUG: Filtered 0 contigs of total length 0
[2024-05-28 10:37:50] root: DEBUG: Generating polished GFA
[2024-05-28 10:37:50] root: DEBUG: 0 sequences remained unpolished
[2024-05-28 10:37:50] root: INFO: >>>STAGE: finalize
[2024-05-28 10:37:50] root: DEBUG: ---Output dir contents:----
[2024-05-28 10:37:50] root: DEBUG: flye_SRR25182350/
[2024-05-28 10:37:50] root: DEBUG:     11.0 K      assembly.fasta
[2024-05-28 10:37:50] root: DEBUG:     178.0 B     monitor.csv
[2024-05-28 10:37:50] root: DEBUG:     11.0 K      assembly_graph.gfa
[2024-05-28 10:37:50] root: DEBUG:     92.0 B      params.json
[2024-05-28 10:37:50] root: DEBUG:     28.0 K      flye.log
[2024-05-28 10:37:50] root: DEBUG:     650.0 B     assembly_graph.gv
[2024-05-28 10:37:50] root: DEBUG:     30-contigger/
[2024-05-28 10:37:50] root: DEBUG:         141.0 B     contigs_stats.txt
[2024-05-28 10:37:50] root: DEBUG:         11.0 K      graph_final.fasta
[2024-05-28 10:37:50] root: DEBUG:         48.0 B      contigs.fasta.fai
[2024-05-28 10:37:50] root: DEBUG:         11.0 K      contigs.fasta
[2024-05-28 10:37:50] root: DEBUG:         11.0 K      graph_final.gfa
[2024-05-28 10:37:50] root: DEBUG:         650.0 B     graph_final.gv
[2024-05-28 10:37:50] root: DEBUG:         0.0 B       scaffolds_links.txt
[2024-05-28 10:37:50] root: DEBUG:     40-polishing/
[2024-05-28 10:37:50] root: DEBUG:         2.0 K       base_coverage.bed.gz
[2024-05-28 10:37:50] root: DEBUG:         882.0 B     minimap.stderr
[2024-05-28 10:37:50] root: DEBUG:         62.0 B      contigs_stats.txt
[2024-05-28 10:37:50] root: DEBUG:         11.0 K      filtered_contigs.fasta
[2024-05-28 10:37:50] root: DEBUG:         176.0 B     minimap_1.bam.bai
[2024-05-28 10:37:50] root: DEBUG:         62.0 B      filtered_stats.txt
[2024-05-28 10:37:50] root: DEBUG:         11.0 K      polished_edges.gfa
[2024-05-28 10:37:50] root: DEBUG:         48.0 B      filtered_contigs.fasta.fai
[2024-05-28 10:37:50] root: DEBUG:         176.0 B     edges_aln.bam.bai
[2024-05-28 10:37:50] root: DEBUG:     00-assembly/
[2024-05-28 10:37:50] root: DEBUG:         56.0 B      draft_assembly.fasta.fai
[2024-05-28 10:37:50] root: DEBUG:         11.0 K      draft_assembly.fasta
[2024-05-28 10:37:50] root: DEBUG:     10-consensus/
[2024-05-28 10:37:50] root: DEBUG:         912.0 B     minimap.stderr
[2024-05-28 10:37:50] root: DEBUG:         176.0 B     minimap.bam.bai
[2024-05-28 10:37:50] root: DEBUG:         11.0 K      consensus.fasta
[2024-05-28 10:37:50] root: DEBUG:     20-repeat/
[2024-05-28 10:37:50] root: DEBUG:         131.0 K     read_alignment_dump
[2024-05-28 10:37:50] root: DEBUG:         11.0 K      repeat_graph_edges.fasta
[2024-05-28 10:37:50] root: DEBUG:         650.0 B     graph_after_rr.gv
[2024-05-28 10:37:50] root: DEBUG:         11.0 K      graph_before_rr.gfa
[2024-05-28 10:37:50] root: DEBUG:         11.0 K      graph_before_rr.fasta
[2024-05-28 10:37:50] root: DEBUG:         334.0 B     repeat_graph_dump
[2024-05-28 10:37:50] root: DEBUG:         650.0 B     graph_before_rr.gv
[2024-05-28 10:37:50] root: DEBUG: --------------------------
[2024-05-28 10:37:50] root: INFO: Assembly statistics:

	Total length:	11993
	Fragments:	2
	Fragments N50:	6254
	Largest frg:	6254
	Scaffolds:	0
	Mean coverage:	122

[2024-05-28 10:37:50] root: INFO: Final assembly: /home/assembly/out/flye/flye_SRR25182350/assembly.fasta
